22:42:24 **** Programming project CountingSemaphore_and_IntHandler on chip ****
"C:\\Ac6\\SystemWorkbench\\plugins\\fr.ac6.mcu.externaltools.openocd.win32_1.21.0.201811131241\\tools\\openocd\\bin\\openocd.exe" -f stm32.flash.5651290319822503875.cfg -s "C:\\Users\\Utilisateur\\workspace\\CountingSemaphore_and_IntHandler" -s "C:\\Ac6\\SystemWorkbench\\plugins\\fr.ac6.mcu.debug_2.3.1.201811131241\\resources\\openocd\\st_scripts" -c "program Debug/CountingSemaphore_and_IntHandler.elf verify reset exit" 
Open On-Chip Debugger 0.10.0-dev-00015-gaaf1808 (2018-11-13-13:07)
Licensed under GNU GPL v2
For bug reports, read
	http://openocd.org/doc/doxygen/bugs.html
srst_only separate srst_nogate srst_open_drain connect_assert_srst
Info : The selected transport took over low-level target control. The results might differ compared to plain JTAG/SWD
adapter_nsrst_delay: 100
adapter speed: 1800 kHz
Info : clock speed 1800 kHz
Info : STLINK v2.1 JTAG v25 API v2 M14 VID 0x0483 PID 0x374B
Info : using stlink api v2
Info : Target voltage: 2.897285
Info : Stlink adapter speed set to 1800 kHz
Info : STM32F407VGTx.cpu: hardware has 6 breakpoints, 4 watchpoints
Info : Stlink adapter speed set to 1800 kHz
adapter speed: 1800 kHz
target halted due to debug-request, current mode: Thread 
xPSR: 0x01000000 pc: 0x0800262c msp: 0x20020000
configuring PLL
Info : Stlink adapter speed set to 4000 kHz
adapter speed: 4000 kHz
** Programming Started **
auto erase enabled
Info : device id = 0x10076413
Info : flash size = 1024kbytes
target halted due to breakpoint, current mode: Thread 
xPSR: 0x61000000 pc: 0x20000046 msp: 0x20020000
wrote 16384 bytes from file Debug/CountingSemaphore_and_IntHandler.elf in 0.606762s (26.369 KiB/s)
** Programming Finished **
** Verify Started **
target halted due to breakpoint, current mode: Thread 
xPSR: 0x61000000 pc: 0x2000002e msp: 0x20020000
target halted due to breakpoint, current mode: Thread 
xPSR: 0x61000000 pc: 0x2000002e msp: 0x20020000
verified 13280 bytes in 0.176350s (73.540 KiB/s)
** Verified OK **
** Resetting Target **
Info : Stlink adapter speed set to 1800 kHz
adapter speed: 1800 kHz
shutdown command invoked

22:42:26 Build Finished (took 2s.218ms)

